{
  "RSpec": {
    "coverage": {
      "C:/Users/Christos Paraskeva/documents/github/honeycomb_tech_test/spec/broadcaster_spec.rb": [
        1,
        null,
        1,
        null,
        1,
        2,
        null,
        null,
        1,
        1,
        1,
        null,
        null,
        1,
        1,
        null,
        null,
        null
      ],
      "C:/Users/Christos Paraskeva/documents/github/honeycomb_tech_test/models/broadcaster.rb": [
        1,
        1,
        null,
        1,
        86,
        86,
        null,
        null
      ],
      "C:/Users/Christos Paraskeva/documents/github/honeycomb_tech_test/spec/delivery_spec.rb": [
        1,
        null,
        1,
        null,
        1,
        8,
        null,
        null,
        1,
        1,
        1,
        null,
        null,
        1,
        1,
        null,
        null,
        1,
        1,
        null,
        null,
        1,
        1,
        null,
        null,
        1,
        1,
        null,
        null,
        1,
        1,
        null,
        null,
        null,
        1,
        1,
        2,
        null,
        null,
        1,
        1,
        1,
        null,
        null,
        1,
        1,
        1,
        null,
        null,
        null,
        null,
        null,
        null,
        null,
        null,
        null,
        null,
        null,
        null,
        null
      ],
      "C:/Users/Christos Paraskeva/documents/github/honeycomb_tech_test/models/delivery.rb": [
        1,
        1,
        null,
        1,
        17,
        17,
        null,
        null,
        null,
        null,
        17,
        17,
        null,
        null,
        1,
        15,
        null,
        null,
        1,
        3,
        null,
        null,
        1,
        0,
        null,
        null
      ],
      "C:/Users/Christos Paraskeva/documents/github/honeycomb_tech_test/spec/discount_spec.rb": [
        1,
        null,
        1,
        3,
        null,
        1,
        1,
        1,
        null,
        1,
        null,
        null,
        null,
        null,
        null,
        1,
        null,
        null,
        1,
        1,
        1,
        1,
        null,
        null,
        null
      ],
      "C:/Users/Christos Paraskeva/documents/github/honeycomb_tech_test/models/discount.rb": [
        1,
        null,
        1,
        11,
        5,
        null,
        6,
        null,
        null,
        null,
        1,
        2,
        null,
        null,
        1,
        null,
        1,
        2,
        null,
        null,
        null
      ],
      "C:/Users/Christos Paraskeva/documents/github/honeycomb_tech_test/spec/material_spec.rb": [
        1,
        null,
        1,
        null,
        1,
        1,
        null,
        null,
        1,
        1,
        1,
        null,
        null,
        null
      ],
      "C:/Users/Christos Paraskeva/documents/github/honeycomb_tech_test/models/material.rb": [
        1,
        1,
        null,
        1,
        15,
        null,
        null
      ],
      "C:/Users/Christos Paraskeva/documents/github/honeycomb_tech_test/spec/order_spec.rb": [
        1,
        null,
        1,
        15,
        15,
        15,
        5,
        6,
        null,
        1,
        14,
        14,
        14,
        null,
        null,
        1,
        1,
        1,
        null,
        null,
        1,
        1,
        null,
        null,
        1,
        1,
        null,
        null,
        1,
        1,
        null,
        null,
        1,
        1,
        null,
        null,
        null,
        1,
        1,
        1,
        null,
        null,
        null,
        1,
        1,
        1,
        1,
        null,
        null,
        null,
        null,
        null,
        null,
        null,
        null,
        1,
        1,
        1,
        1,
        null,
        null,
        null,
        1,
        14,
        14,
        14,
        null,
        null,
        1,
        1,
        1,
        1,
        1,
        1,
        null,
        null,
        null,
        null,
        null,
        null,
        null,
        null,
        null,
        1,
        1,
        1,
        1,
        1,
        null,
        null,
        null,
        1,
        1,
        1,
        1,
        1,
        null,
        null,
        null,
        1,
        1,
        1,
        1,
        1,
        null,
        null,
        1,
        1,
        1,
        1,
        1,
        null,
        null,
        null,
        1,
        1,
        1,
        1,
        1,
        null,
        null,
        null
      ],
      "C:/Users/Christos Paraskeva/documents/github/honeycomb_tech_test/models/order.rb": [
        1,
        null,
        1,
        null,
        1,
        null,
        1,
        14,
        14,
        14,
        14,
        14,
        null,
        null,
        1,
        14,
        14,
        14,
        null,
        null,
        1,
        2,
        2,
        2,
        null,
        null,
        1,
        14,
        6,
        1,
        null,
        5,
        null,
        null,
        null,
        1,
        1,
        null,
        null,
        1,
        null,
        1,
        10,
        null,
        null,
        1,
        6,
        null,
        null,
        1,
        16,
        10,
        10,
        null,
        null,
        null
      ],
      "C:/Users/Christos Paraskeva/documents/github/honeycomb_tech_test/models/printing.rb": [
        1,
        1,
        null,
        null,
        null,
        null,
        null,
        1,
        null,
        1,
        1,
        null,
        null,
        1,
        null,
        0,
        0,
        0,
        0,
        0,
        0,
        0,
        null,
        null,
        1,
        null,
        1,
        0,
        null,
        null,
        null,
        0,
        0,
        null,
        0,
        null,
        null,
        1,
        0,
        null,
        null,
        1,
        0,
        null,
        null
      ],
      "C:/Users/Christos Paraskeva/documents/github/honeycomb_tech_test/spec/printing_spec.rb": [
        1,
        null,
        1,
        null,
        2,
        null,
        1,
        1,
        1,
        null,
        null,
        null
      ]
    },
    "timestamp": 1494528683
  }
}
